<?xml version="1.0" encoding="UTF-8"?>
<testsuite name="com.greenfoxacademy.TC05_DataListTest" tests="1" skipped="0" failures="0" errors="0" timestamp="2021-08-22T14:49:22" hostname="DESKTOP-EK93BGS" time="2.163">
  <properties/>
  <testcase name="TC_05-List" classname="com.greenfoxacademy.TC05_DataListTest" time="2.163"/>
  <system-out><![CDATA[]]></system-out>
  <system-err><![CDATA[[Test worker] INFO io.github.bonigarcia.wdm.WebDriverManager - Using chromedriver 92.0.4515.107 (resolved driver for Chrome 92)
[Test worker] INFO io.github.bonigarcia.wdm.WebDriverManager - Exporting webdriver.chrome.driver as C:\Users\DeadlyFr0sT\.cache\selenium\chromedriver\win32\92.0.4515.107\chromedriver.exe
Starting ChromeDriver 92.0.4515.107 (87a818b10553a07434ea9e2b6dccf3cbe7895134-refs/branch-heads/4515@{#1634}) on port 4110
Only local connections are allowed.
Please see https://chromedriver.chromium.org/security-considerations for suggestions on keeping ChromeDriver safe.
ChromeDriver was started successfully.
aug. 22, 2021 4:49:21 DU. org.openqa.selenium.remote.ProtocolHandshake createSession
INFO: Detected dialect: W3C
]]></system-err>
</testsuite>
